<?xml version="1.0" encoding="UTF-8"?>
<!-- Generated by org.testng.reporters.JUnitReportReporter -->
<testsuite hostname="DESKTOP-TF5IFJL" failures="0" tests="5" name="TestCases.DashBoardTest" time="63.138" errors="0" timestamp="2022-04-19T20:01:55 IST" skipped="0">
  <testcase classname="TestCases.DashBoardTest" name="verifyUserEmailTest" time="13.913"/>
  <system-out/>
  <testcase classname="TestCases.DashBoardTest" name="verifyNicknameTest" time="12.115"/>
  <system-out/>
  <testcase classname="TestCases.DashBoardTest" name="verifyUserIdTest" time="12.764"/>
  <system-out/>
  <testcase classname="TestCases.DashBoardTest" name="verifyUserFullnameTest" time="13.099"/>
  <system-out/>
  <testcase classname="TestCases.DashBoardTest" name="verifystartInvestingbtn" time="11.247"/>
  <system-out/>
</testsuite> <!-- TestCases.DashBoardTest -->
