<?xml version="1.0" encoding="UTF-8"?>
<!-- Generated by org.testng.reporters.JUnitReportReporter -->
<testsuite hostname="DESKTOP-TF5IFJL" failures="0" tests="4" name="TestCases.LoginPageTest" time="28.553" errors="0" timestamp="2022-04-20T15:19:32 IST" skipped="0">
  <testcase classname="TestCases.LoginPageTest" name="validateZerodhaLogoTest" time="4.432"/>
  <system-out/>
  <testcase classname="TestCases.LoginPageTest" name="validateKiteLogoTest" time="6.690"/>
  <system-out/>
  <testcase classname="TestCases.LoginPageTest" name="validatePageTitleTest" time="6.546"/>
  <system-out/>
  <testcase classname="TestCases.LoginPageTest" name="zerodhaLoginAccTest" time="10.885"/>
  <system-out/>
</testsuite> <!-- TestCases.LoginPageTest -->
