<?xml version="1.0" encoding="UTF-8"?>
<!-- Generated by org.testng.reporters.JUnitReportReporter -->
<testsuite hostname="DESKTOP-TF5IFJL" failures="0" tests="1" name="TestCases.GroupTest" time="0.015" errors="0" timestamp="2022-04-19T21:58:48 IST" skipped="0">
  <testcase classname="TestCases.GroupTest" name="method1" time="0.015"/>
  <system-out/>
</testsuite> <!-- TestCases.GroupTest -->
